import _frozen_importlib # frozen
import _imp # builtin
import '_thread' # <class '_frozen_importlib.BuiltinImporter'>
import '_warnings' # <class '_frozen_importlib.BuiltinImporter'>
import '_weakref' # <class '_frozen_importlib.BuiltinImporter'>
import '_frozen_importlib_external' # <class '_frozen_importlib.FrozenImporter'>
import '_io' # <class '_frozen_importlib.BuiltinImporter'>
import 'marshal' # <class '_frozen_importlib.BuiltinImporter'>
import 'posix' # <class '_frozen_importlib.BuiltinImporter'>
import _thread # previously loaded ('_thread')
import '_thread' # <class '_frozen_importlib.BuiltinImporter'>
import _weakref # previously loaded ('_weakref')
import '_weakref' # <class '_frozen_importlib.BuiltinImporter'>
# installing zipimport hook
import 'time' # <class '_frozen_importlib.BuiltinImporter'>
import 'zipimport' # <class '_frozen_importlib.FrozenImporter'>
# installed zipimport hook
# /projects/WCJONES/spider/conda_spider/spider_py3/lib/python3.8/encodings/__pycache__/__init__.cpython-38.pyc matches /projects/WCJONES/spider/conda_spider/spider_py3/lib/python3.8/encodings/__init__.py
# code object from '/projects/WCJONES/spider/conda_spider/spider_py3/lib/python3.8/encodings/__pycache__/__init__.cpython-38.pyc'
# /projects/WCJONES/spider/conda_spider/spider_py3/lib/python3.8/__pycache__/codecs.cpython-38.pyc matches /projects/WCJONES/spider/conda_spider/spider_py3/lib/python3.8/codecs.py
# code object from '/projects/WCJONES/spider/conda_spider/spider_py3/lib/python3.8/__pycache__/codecs.cpython-38.pyc'
import '_codecs' # <class '_frozen_importlib.BuiltinImporter'>
import 'codecs' # <_frozen_importlib_external.SourceFileLoader object at 0x2b7818547400>
# /projects/WCJONES/spider/conda_spider/spider_py3/lib/python3.8/encodings/__pycache__/aliases.cpython-38.pyc matches /projects/WCJONES/spider/conda_spider/spider_py3/lib/python3.8/encodings/aliases.py
# code object from '/projects/WCJONES/spider/conda_spider/spider_py3/lib/python3.8/encodings/__pycache__/aliases.cpython-38.pyc'
import 'encodings.aliases' # <_frozen_importlib_external.SourceFileLoader object at 0x2b781855d9d0>
import 'encodings' # <_frozen_importlib_external.SourceFileLoader object at 0x2b78185471f0>
# /projects/WCJONES/spider/conda_spider/spider_py3/lib/python3.8/encodings/__pycache__/utf_8.cpython-38.pyc matches /projects/WCJONES/spider/conda_spider/spider_py3/lib/python3.8/encodings/utf_8.py
# code object from '/projects/WCJONES/spider/conda_spider/spider_py3/lib/python3.8/encodings/__pycache__/utf_8.cpython-38.pyc'
import 'encodings.utf_8' # <_frozen_importlib_external.SourceFileLoader object at 0x2b7818547fd0>
import '_signal' # <class '_frozen_importlib.BuiltinImporter'>
# /projects/WCJONES/spider/conda_spider/spider_py3/lib/python3.8/encodings/__pycache__/latin_1.cpython-38.pyc matches /projects/WCJONES/spider/conda_spider/spider_py3/lib/python3.8/encodings/latin_1.py
# code object from '/projects/WCJONES/spider/conda_spider/spider_py3/lib/python3.8/encodings/__pycache__/latin_1.cpython-38.pyc'
import 'encodings.latin_1' # <_frozen_importlib_external.SourceFileLoader object at 0x2b781855dac0>
# /projects/WCJONES/spider/conda_spider/spider_py3/lib/python3.8/__pycache__/io.cpython-38.pyc matches /projects/WCJONES/spider/conda_spider/spider_py3/lib/python3.8/io.py
# code object from '/projects/WCJONES/spider/conda_spider/spider_py3/lib/python3.8/__pycache__/io.cpython-38.pyc'
# /projects/WCJONES/spider/conda_spider/spider_py3/lib/python3.8/__pycache__/abc.cpython-38.pyc matches /projects/WCJONES/spider/conda_spider/spider_py3/lib/python3.8/abc.py
# code object from '/projects/WCJONES/spider/conda_spider/spider_py3/lib/python3.8/__pycache__/abc.cpython-38.pyc'
import '_abc' # <class '_frozen_importlib.BuiltinImporter'>
import 'abc' # <_frozen_importlib_external.SourceFileLoader object at 0x2b781855df70>
import 'io' # <_frozen_importlib_external.SourceFileLoader object at 0x2b781855dca0>
Python 3.8.5 (default, Sep  4 2020, 07:30:14) 
[GCC 7.3.0] :: Anaconda, Inc. on linux
Type "help", "copyright", "credits" or "license" for more information.
--------------------------------------------------------------------------
It looks like orte_init failed for some reason; your parallel process is
likely to abort.  There are many reasons that a parallel process can
fail during orte_init; some of which are due to configuration or
environment problems.  This failure appears to be an internal failure;
here's some additional information (which may only be relevant to an
Open MPI developer):

  PMI2_Job_GetId failed failed
  --> Returned value (null) (14) instead of ORTE_SUCCESS
--------------------------------------------------------------------------
--------------------------------------------------------------------------
It looks like orte_init failed for some reason; your parallel process is
likely to abort.  There are many reasons that a parallel process can
fail during orte_init; some of which are due to configuration or
environment problems.  This failure appears to be an internal failure;
here's some additional information (which may only be relevant to an
Open MPI developer):

  orte_ess_init failed
  --> Returned value (null) (14) instead of ORTE_SUCCESS
--------------------------------------------------------------------------
--------------------------------------------------------------------------
It looks like MPI_INIT failed for some reason; your parallel process is
likely to abort.  There are many reasons that a parallel process can
fail during MPI_INIT; some of which are due to configuration or environment
problems.  This failure appears to be an internal failure; here's some
additional information (which may only be relevant to an Open MPI
developer):

  ompi_mpi_init: ompi_rte_init failed
  --> Returned "(null)" (14) instead of "Success" (0)
--------------------------------------------------------------------------
*** An error occurred in MPI_Init_thread
*** on a NULL communicator
*** MPI_ERRORS_ARE_FATAL (processes in this communicator will now abort,
***    and potentially your MPI job)
[della5.princeton.edu:5635] Local abort before MPI_INIT completed successfully; not able to aggregate error messages, and not able to guarantee that all other processes were killed!
